2025-03-26 10:41:34 [INFO][main] com.bookstore.BookApplication - Starting BookApplication using Java 21.0.1 with PID 32800 (D:\Users\SATHIYAVATHI\eclipse-workspace\My_Spring_Book\target\classes started by SATHIYAVATHI in D:\Users\SATHIYAVATHI\eclipse-workspace\My_Spring_Book)
2025-03-26 10:41:34 [DEBUG][main] com.bookstore.BookApplication - Running with Spring Boot v3.2.3, Spring v6.1.4
2025-03-26 10:41:34 [INFO][main] com.bookstore.BookApplication - No active profile set, falling back to 1 default profile: "default"
2025-03-26 10:41:35 [INFO][main] o.s.d.r.c.RepositoryConfigurationDelegate - Bootstrapping Spring Data JPA repositories in DEFAULT mode.
2025-03-26 10:41:35 [INFO][main] o.s.d.r.c.RepositoryConfigurationDelegate - Finished Spring Data repository scanning in 71 ms. Found 1 JPA repository interface.
2025-03-26 10:41:36 [INFO][main] o.s.b.w.e.tomcat.TomcatWebServer - Tomcat initialized with port 8080 (http)
2025-03-26 10:41:36 [INFO][main] o.a.catalina.core.StandardService - Starting service [Tomcat]
2025-03-26 10:41:36 [INFO][main] o.a.catalina.core.StandardEngine - Starting Servlet engine: [Apache Tomcat/10.1.19]
2025-03-26 10:41:36 [INFO][main] o.apache.jasper.servlet.TldScanner - At least one JAR was scanned for TLDs yet contained no TLDs. Enable debug logging for this logger for a complete list of JARs that were scanned but no TLDs were found in them. Skipping unneeded JARs during scanning can improve startup time and JSP compilation time.
2025-03-26 10:41:36 [INFO][main] o.a.c.c.C.[Tomcat].[localhost].[/] - Initializing Spring embedded WebApplicationContext
2025-03-26 10:41:36 [INFO][main] o.s.b.w.s.c.ServletWebServerApplicationContext - Root WebApplicationContext: initialization completed in 1861 ms
2025-03-26 10:41:36 [INFO][main] o.h.jpa.internal.util.LogHelper - HHH000204: Processing PersistenceUnitInfo [name: default]
2025-03-26 10:41:36 [INFO][main] org.hibernate.Version - HHH000412: Hibernate ORM core version 6.4.4.Final
2025-03-26 10:41:36 [INFO][main] o.h.c.i.RegionFactoryInitiator - HHH000026: Second-level cache disabled
2025-03-26 10:41:37 [INFO][main] o.s.o.j.p.SpringPersistenceUnitInfo - No LoadTimeWeaver setup: ignoring JPA class transformer
2025-03-26 10:41:37 [INFO][main] com.zaxxer.hikari.HikariDataSource - HikariPool-1 - Starting...
2025-03-26 10:41:37 [INFO][main] com.zaxxer.hikari.pool.HikariPool - HikariPool-1 - Added connection com.mysql.cj.jdbc.ConnectionImpl@2b1a901d
2025-03-26 10:41:37 [INFO][main] com.zaxxer.hikari.HikariDataSource - HikariPool-1 - Start completed.
2025-03-26 10:41:37 [WARN][main] org.hibernate.orm.deprecation - HHH90000025: MySQLDialect does not need to be specified explicitly using 'hibernate.dialect' (remove the property setting and it will be selected by default)
2025-03-26 10:41:38 [INFO][main] o.h.e.t.j.p.i.JtaPlatformInitiator - HHH000489: No JTA platform available (set 'hibernate.transaction.jta.platform' to enable JTA platform integration)
2025-03-26 10:41:38 [INFO][main] o.s.o.j.LocalContainerEntityManagerFactoryBean - Initialized JPA EntityManagerFactory for persistence unit 'default'
2025-03-26 10:41:39 [WARN][main] o.s.b.a.o.j.JpaBaseConfiguration$JpaWebConfiguration - spring.jpa.open-in-view is enabled by default. Therefore, database queries may be performed during view rendering. Explicitly configure spring.jpa.open-in-view to disable this warning
2025-03-26 10:41:39 [DEBUG][main] o.s.w.s.m.m.a.RequestMappingHandlerMapping - 6 mappings in 'requestMappingHandlerMapping'
2025-03-26 10:41:39 [DEBUG][main] o.s.w.s.h.SimpleUrlHandlerMapping - Patterns [/webjars/**, /**] in 'resourceHandlerMapping'
2025-03-26 10:41:39 [DEBUG][main] o.s.w.s.m.m.a.RequestMappingHandlerAdapter - ControllerAdvice beans: 0 @ModelAttribute, 0 @InitBinder, 1 RequestBodyAdvice, 1 ResponseBodyAdvice
2025-03-26 10:41:39 [DEBUG][main] o.s.w.s.m.m.a.ExceptionHandlerExceptionResolver - ControllerAdvice beans: 1 @ExceptionHandler, 1 ResponseBodyAdvice
2025-03-26 10:41:39 [INFO][main] o.s.b.w.e.tomcat.TomcatWebServer - Tomcat started on port 8080 (http) with context path ''
2025-03-26 10:41:39 [INFO][main] com.bookstore.BookApplication - Started BookApplication in 5.747 seconds (process running for 6.62)
